

Processing ApplicationController#index (for 127.0.0.1 at 2010-07-18 12:50:19) [GET]

ActionController::RoutingError (No route matches "/view_models" with {:method=>:get}):
  /usr/local/lib/ruby/1.8/webrick/httpserver.rb:104:in `service'
  /usr/local/lib/ruby/1.8/webrick/httpserver.rb:65:in `run'
  /usr/local/lib/ruby/1.8/webrick/server.rb:173:in `start_thread'
  /usr/local/lib/ruby/1.8/webrick/server.rb:162:in `start'
  /usr/local/lib/ruby/1.8/webrick/server.rb:162:in `start_thread'
  /usr/local/lib/ruby/1.8/webrick/server.rb:95:in `start'
  /usr/local/lib/ruby/1.8/webrick/server.rb:92:in `each'
  /usr/local/lib/ruby/1.8/webrick/server.rb:92:in `start'
  /usr/local/lib/ruby/1.8/webrick/server.rb:23:in `start'
  /usr/local/lib/ruby/1.8/webrick/server.rb:82:in `start'

Rendering rescues/layout (not_found)


Processing ApplicationController#index (for 127.0.0.1 at 2010-07-18 12:54:27) [GET]

ActionController::RoutingError (No route matches "/view_models" with {:method=>:get}):
  /usr/local/lib/ruby/1.8/webrick/httpserver.rb:104:in `service'
  /usr/local/lib/ruby/1.8/webrick/httpserver.rb:65:in `run'
  /usr/local/lib/ruby/1.8/webrick/server.rb:173:in `start_thread'
  /usr/local/lib/ruby/1.8/webrick/server.rb:162:in `start'
  /usr/local/lib/ruby/1.8/webrick/server.rb:162:in `start_thread'
  /usr/local/lib/ruby/1.8/webrick/server.rb:95:in `start'
  /usr/local/lib/ruby/1.8/webrick/server.rb:92:in `each'
  /usr/local/lib/ruby/1.8/webrick/server.rb:92:in `start'
  /usr/local/lib/ruby/1.8/webrick/server.rb:23:in `start'
  /usr/local/lib/ruby/1.8/webrick/server.rb:82:in `start'

Rendering rescues/layout (not_found)


Processing ApplicationController#index (for 127.0.0.1 at 2010-07-18 12:54:32) [GET]

ActionController::RoutingError (No route matches "/examples" with {:method=>:get}):
  /usr/local/lib/ruby/1.8/webrick/httpserver.rb:104:in `service'
  /usr/local/lib/ruby/1.8/webrick/httpserver.rb:65:in `run'
  /usr/local/lib/ruby/1.8/webrick/server.rb:173:in `start_thread'
  /usr/local/lib/ruby/1.8/webrick/server.rb:162:in `start'
  /usr/local/lib/ruby/1.8/webrick/server.rb:162:in `start_thread'
  /usr/local/lib/ruby/1.8/webrick/server.rb:95:in `start'
  /usr/local/lib/ruby/1.8/webrick/server.rb:92:in `each'
  /usr/local/lib/ruby/1.8/webrick/server.rb:92:in `start'
  /usr/local/lib/ruby/1.8/webrick/server.rb:23:in `start'
  /usr/local/lib/ruby/1.8/webrick/server.rb:82:in `start'

Rendering rescues/layout (not_found)


Processing ApplicationController#index (for 127.0.0.1 at 2010-07-18 12:54:38) [GET]

ActionController::RoutingError (No route matches "/example" with {:method=>:get}):
  /usr/local/lib/ruby/1.8/webrick/httpserver.rb:104:in `service'
  /usr/local/lib/ruby/1.8/webrick/httpserver.rb:65:in `run'
  /usr/local/lib/ruby/1.8/webrick/server.rb:173:in `start_thread'
  /usr/local/lib/ruby/1.8/webrick/server.rb:162:in `start'
  /usr/local/lib/ruby/1.8/webrick/server.rb:162:in `start_thread'
  /usr/local/lib/ruby/1.8/webrick/server.rb:95:in `start'
  /usr/local/lib/ruby/1.8/webrick/server.rb:92:in `each'
  /usr/local/lib/ruby/1.8/webrick/server.rb:92:in `start'
  /usr/local/lib/ruby/1.8/webrick/server.rb:23:in `start'
  /usr/local/lib/ruby/1.8/webrick/server.rb:82:in `start'

Rendering rescues/layout (not_found)


Processing ApplicationController#index (for 127.0.0.1 at 2010-07-18 12:54:40) [GET]

ActionController::RoutingError (No route matches "/examples" with {:method=>:get}):
  /usr/local/lib/ruby/1.8/webrick/httpserver.rb:104:in `service'
  /usr/local/lib/ruby/1.8/webrick/httpserver.rb:65:in `run'
  /usr/local/lib/ruby/1.8/webrick/server.rb:173:in `start_thread'
  /usr/local/lib/ruby/1.8/webrick/server.rb:162:in `start'
  /usr/local/lib/ruby/1.8/webrick/server.rb:162:in `start_thread'
  /usr/local/lib/ruby/1.8/webrick/server.rb:95:in `start'
  /usr/local/lib/ruby/1.8/webrick/server.rb:92:in `each'
  /usr/local/lib/ruby/1.8/webrick/server.rb:92:in `start'
  /usr/local/lib/ruby/1.8/webrick/server.rb:23:in `start'
  /usr/local/lib/ruby/1.8/webrick/server.rb:82:in `start'

Rendering rescues/layout (not_found)


Processing ExamplesController#index (for 127.0.0.1 at 2010-07-18 12:55:13) [GET]

ActionView::MissingTemplate (Missing template examples/index.erb in view path app/views):
  /usr/local/lib/ruby/1.8/webrick/httpserver.rb:104:in `service'
  /usr/local/lib/ruby/1.8/webrick/httpserver.rb:65:in `run'
  /usr/local/lib/ruby/1.8/webrick/server.rb:173:in `start_thread'
  /usr/local/lib/ruby/1.8/webrick/server.rb:162:in `start'
  /usr/local/lib/ruby/1.8/webrick/server.rb:162:in `start_thread'
  /usr/local/lib/ruby/1.8/webrick/server.rb:95:in `start'
  /usr/local/lib/ruby/1.8/webrick/server.rb:92:in `each'
  /usr/local/lib/ruby/1.8/webrick/server.rb:92:in `start'
  /usr/local/lib/ruby/1.8/webrick/server.rb:23:in `start'
  /usr/local/lib/ruby/1.8/webrick/server.rb:82:in `start'

Rendering rescues/layout (internal_server_error)


Processing ExamplesController#index (for 127.0.0.1 at 2010-07-18 12:55:14) [GET]

ActionView::MissingTemplate (Missing template examples/index.erb in view path app/views):
  /usr/local/lib/ruby/1.8/webrick/httpserver.rb:104:in `service'
  /usr/local/lib/ruby/1.8/webrick/httpserver.rb:65:in `run'
  /usr/local/lib/ruby/1.8/webrick/server.rb:173:in `start_thread'
  /usr/local/lib/ruby/1.8/webrick/server.rb:162:in `start'
  /usr/local/lib/ruby/1.8/webrick/server.rb:162:in `start_thread'
  /usr/local/lib/ruby/1.8/webrick/server.rb:95:in `start'
  /usr/local/lib/ruby/1.8/webrick/server.rb:92:in `each'
  /usr/local/lib/ruby/1.8/webrick/server.rb:92:in `start'
  /usr/local/lib/ruby/1.8/webrick/server.rb:23:in `start'
  /usr/local/lib/ruby/1.8/webrick/server.rb:82:in `start'

Rendering rescues/layout (internal_server_error)


Processing ExamplesController#index (for 127.0.0.1 at 2010-07-18 12:55:34) [GET]
Rendering examples/index
Completed in 25ms (View: 10, DB: 0) | 200 OK [http://localhost/examples]


Processing ExamplesController#index (for 127.0.0.1 at 2010-07-18 12:56:45) [GET]
Rendering examples/index

ActionView::TemplateError (undefined method `collection_view_model_for' for #<ActionView::Base:0x10379f7a8>) on line #1 of app/views/examples/index.haml:
1: - collection = collection_view_model_for @items
2: = collection.list

    app/views/examples/index.haml:1:in `_run_haml_app47views47examples47index46haml'
    haml (3.0.13) rails/./lib/haml/helpers/action_view_mods.rb:13:in `render'
    haml (3.0.13) rails/./lib/sass/plugin/rack.rb:41:in `call'
    /usr/local/lib/ruby/1.8/webrick/httpserver.rb:104:in `service'
    /usr/local/lib/ruby/1.8/webrick/httpserver.rb:65:in `run'
    /usr/local/lib/ruby/1.8/webrick/server.rb:173:in `start_thread'
    /usr/local/lib/ruby/1.8/webrick/server.rb:162:in `start'
    /usr/local/lib/ruby/1.8/webrick/server.rb:162:in `start_thread'
    /usr/local/lib/ruby/1.8/webrick/server.rb:95:in `start'
    /usr/local/lib/ruby/1.8/webrick/server.rb:92:in `each'
    /usr/local/lib/ruby/1.8/webrick/server.rb:92:in `start'
    /usr/local/lib/ruby/1.8/webrick/server.rb:23:in `start'
    /usr/local/lib/ruby/1.8/webrick/server.rb:82:in `start'

Rendered rescues/_trace (93.9ms)
Rendered rescues/_request_and_response (3.1ms)
Rendering rescues/layout (internal_server_error)


Processing ExamplesController#index (for 127.0.0.1 at 2010-07-18 12:58:07) [GET]
Rendering examples/index

ActionView::TemplateError (undefined method `collection_view_model_for' for #<ActionView::Base:0x103409080>) on line #1 of app/views/examples/index.haml:
1: - collection = collection_view_model_for @items
2: = collection.list

    app/views/examples/index.haml:1:in `_run_haml_app47views47examples47index46haml'
    haml (3.0.13) rails/./lib/haml/helpers/action_view_mods.rb:13:in `render'
    haml (3.0.13) rails/./lib/sass/plugin/rack.rb:41:in `call'
    /usr/local/lib/ruby/1.8/webrick/httpserver.rb:104:in `service'
    /usr/local/lib/ruby/1.8/webrick/httpserver.rb:65:in `run'
    /usr/local/lib/ruby/1.8/webrick/server.rb:173:in `start_thread'
    /usr/local/lib/ruby/1.8/webrick/server.rb:162:in `start'
    /usr/local/lib/ruby/1.8/webrick/server.rb:162:in `start_thread'
    /usr/local/lib/ruby/1.8/webrick/server.rb:95:in `start'
    /usr/local/lib/ruby/1.8/webrick/server.rb:92:in `each'
    /usr/local/lib/ruby/1.8/webrick/server.rb:92:in `start'
    /usr/local/lib/ruby/1.8/webrick/server.rb:23:in `start'
    /usr/local/lib/ruby/1.8/webrick/server.rb:82:in `start'

Rendered rescues/_trace (186.1ms)
Rendered rescues/_request_and_response (0.6ms)
Rendering rescues/layout (internal_server_error)


Processing ExamplesController#index (for 127.0.0.1 at 2010-07-18 13:00:37) [GET]
Rendering examples/index

ActionView::TemplateError (Missing template view_models/collection/_list.erb in view path app/views) on line #2 of app/views/examples/index.haml:
1: - collection = collection_view_model_for @items
2: = collection.list

    haml (3.0.13) rails/./lib/haml/helpers/action_view_mods.rb:11:in `render'
    haml (3.0.13) lib/haml/helpers.rb:90:in `non_haml'
    haml (3.0.13) rails/./lib/haml/helpers/action_view_mods.rb:11:in `render'
    config/initializers/./../../gem/rails2/lib/helpers/collection.rb:21:in `render_partial'
    config/initializers/./../../gem/rails2/lib/helpers/collection.rb:21:in `instance_eval'
    config/initializers/./../../gem/rails2/lib/helpers/collection.rb:21:in `render_partial'
    config/initializers/./../../gem/rails2/../shared/lib/helpers/collection.rb:47:in `list'
    app/views/examples/index.haml:2:in `_run_haml_app47views47examples47index46haml'
    haml (3.0.13) rails/./lib/haml/helpers/action_view_mods.rb:13:in `render'
    haml (3.0.13) rails/./lib/sass/plugin/rack.rb:41:in `call'
    /usr/local/lib/ruby/1.8/webrick/httpserver.rb:104:in `service'
    /usr/local/lib/ruby/1.8/webrick/httpserver.rb:65:in `run'
    /usr/local/lib/ruby/1.8/webrick/server.rb:173:in `start_thread'
    /usr/local/lib/ruby/1.8/webrick/server.rb:162:in `start'
    /usr/local/lib/ruby/1.8/webrick/server.rb:162:in `start_thread'
    /usr/local/lib/ruby/1.8/webrick/server.rb:95:in `start'
    /usr/local/lib/ruby/1.8/webrick/server.rb:92:in `each'
    /usr/local/lib/ruby/1.8/webrick/server.rb:92:in `start'
    /usr/local/lib/ruby/1.8/webrick/server.rb:23:in `start'
    /usr/local/lib/ruby/1.8/webrick/server.rb:82:in `start'

Rendered rescues/_trace (112.2ms)
Rendered rescues/_request_and_response (3.0ms)
Rendering rescues/layout (internal_server_error)


Processing ExamplesController#index (for 127.0.0.1 at 2010-07-18 13:02:33) [GET]
Rendering examples/index

ActionView::TemplateError (uninitialized constant ViewModels::Book) on line #3 of app/views/view_models/collection/_list.html.haml:
1: %ol.collection
2:   - collection.each do |item|
3:     - view_model = view_model_for item
4:     %li
5:       - options = (template_format ? { :format => template_format } : {})
6:       = view_model.render_as template_name, options

    config/initializers/./../../gem/rails2/../shared/lib/helpers/mapping.rb:46:in `default_view_model_class_for'
    config/initializers/./../../gem/rails2/../shared/lib/helpers/mapping.rb:30:in `view_model_class_for'
    config/initializers/./../../gem/rails2/../shared/lib/helpers/mapping.rb:17:in `view_model_for'
    app/views/view_models/collection/_list.html.haml:3:in `_run_haml_app47views47view_models47collection47_list46html46haml_locals_collection_list_object_separator_template_name'
    app/views/view_models/collection/_list.html.haml:2:in `each'
    app/views/view_models/collection/_list.html.haml:2:in `_run_haml_app47views47view_models47collection47_list46html46haml_locals_collection_list_object_separator_template_name'
    haml (3.0.13) rails/./lib/haml/helpers/action_view_mods.rb:11:in `render'
    haml (3.0.13) lib/haml/helpers.rb:90:in `non_haml'
    haml (3.0.13) rails/./lib/haml/helpers/action_view_mods.rb:11:in `render'
    config/initializers/./../../gem/rails2/lib/helpers/collection.rb:21:in `render_partial'
    config/initializers/./../../gem/rails2/lib/helpers/collection.rb:21:in `instance_eval'
    config/initializers/./../../gem/rails2/lib/helpers/collection.rb:21:in `render_partial'
    config/initializers/./../../gem/rails2/../shared/lib/helpers/collection.rb:47:in `list'
    app/views/examples/index.haml:2:in `_run_haml_app47views47examples47index46haml'
    haml (3.0.13) rails/./lib/haml/helpers/action_view_mods.rb:13:in `render'
    haml (3.0.13) rails/./lib/sass/plugin/rack.rb:41:in `call'
    /usr/local/lib/ruby/1.8/webrick/httpserver.rb:104:in `service'
    /usr/local/lib/ruby/1.8/webrick/httpserver.rb:65:in `run'
    /usr/local/lib/ruby/1.8/webrick/server.rb:173:in `start_thread'
    /usr/local/lib/ruby/1.8/webrick/server.rb:162:in `start'
    /usr/local/lib/ruby/1.8/webrick/server.rb:162:in `start_thread'
    /usr/local/lib/ruby/1.8/webrick/server.rb:95:in `start'
    /usr/local/lib/ruby/1.8/webrick/server.rb:92:in `each'
    /usr/local/lib/ruby/1.8/webrick/server.rb:92:in `start'
    /usr/local/lib/ruby/1.8/webrick/server.rb:23:in `start'
    /usr/local/lib/ruby/1.8/webrick/server.rb:82:in `start'

Rendered rescues/_trace (134.0ms)
Rendered rescues/_request_and_response (0.6ms)
Rendering rescues/layout (internal_server_error)


Processing ExamplesController#index (for 127.0.0.1 at 2010-07-18 13:03:49) [GET]
Rendering examples/index

ActionView::TemplateError (No template '_list_item' with format html found.) on line #6 of app/views/view_models/collection/_list.html.haml:
3:     - view_model = view_model_for item
4:     %li
5:       - options = (template_format ? { :format => template_format } : {})
6:       = view_model.render_as template_name, options
7:     = separator unless item == collection.last

    config/initializers/./../../gem/rails2/../shared/lib/view_models/base.rb:72:in `raise_template_error_with'
    config/initializers/./../../gem/rails2/../shared/lib/view_models/base.rb:94:in `template_path'
    config/initializers/./../../gem/rails2/../shared/lib/view_models/base.rb:96:in `template_path'
    config/initializers/./../../gem/rails2/lib/view_models/base.rb:37
    config/initializers/./../../gem/rails2/../shared/lib/view_models/path_store.rb:28:in `call'
    config/initializers/./../../gem/rails2/../shared/lib/view_models/path_store.rb:28:in `cached'
    config/initializers/./../../gem/rails2/lib/view_models/base.rb:36:in `render'
    config/initializers/./../../gem/rails2/../shared/lib/view_models/base.rb:208:in `render_internal'
    config/initializers/./../../gem/rails2/../shared/lib/view_models/base.rb:160:in `render_as'
    app/views/view_models/collection/_list.html.haml:6:in `_run_haml_app47views47view_models47collection47_list46html46haml_locals_collection_list_object_separator_template_name'
    app/views/view_models/collection/_list.html.haml:2:in `each'
    app/views/view_models/collection/_list.html.haml:2:in `_run_haml_app47views47view_models47collection47_list46html46haml_locals_collection_list_object_separator_template_name'
    haml (3.0.13) rails/./lib/haml/helpers/action_view_mods.rb:11:in `render'
    haml (3.0.13) lib/haml/helpers.rb:90:in `non_haml'
    haml (3.0.13) rails/./lib/haml/helpers/action_view_mods.rb:11:in `render'
    config/initializers/./../../gem/rails2/lib/helpers/collection.rb:21:in `render_partial'
    config/initializers/./../../gem/rails2/lib/helpers/collection.rb:21:in `instance_eval'
    config/initializers/./../../gem/rails2/lib/helpers/collection.rb:21:in `render_partial'
    config/initializers/./../../gem/rails2/../shared/lib/helpers/collection.rb:47:in `list'
    app/views/examples/index.haml:2:in `_run_haml_app47views47examples47index46haml'
    haml (3.0.13) rails/./lib/haml/helpers/action_view_mods.rb:13:in `render'
    haml (3.0.13) rails/./lib/sass/plugin/rack.rb:41:in `call'
    /usr/local/lib/ruby/1.8/webrick/httpserver.rb:104:in `service'
    /usr/local/lib/ruby/1.8/webrick/httpserver.rb:65:in `run'
    /usr/local/lib/ruby/1.8/webrick/server.rb:173:in `start_thread'
    /usr/local/lib/ruby/1.8/webrick/server.rb:162:in `start'
    /usr/local/lib/ruby/1.8/webrick/server.rb:162:in `start_thread'
    /usr/local/lib/ruby/1.8/webrick/server.rb:95:in `start'
    /usr/local/lib/ruby/1.8/webrick/server.rb:92:in `each'
    /usr/local/lib/ruby/1.8/webrick/server.rb:92:in `start'
    /usr/local/lib/ruby/1.8/webrick/server.rb:23:in `start'
    /usr/local/lib/ruby/1.8/webrick/server.rb:82:in `start'

Rendered rescues/_trace (239.3ms)
Rendered rescues/_request_and_response (0.6ms)
Rendering rescues/layout (internal_server_error)


Processing ExamplesController#index (for 127.0.0.1 at 2010-07-18 13:09:07) [GET]
Rendering examples/index

ActionView::TemplateError (No template '_list_item' with format html found.) on line #6 of app/views/view_models/collection/_list.html.haml:
3:     - view_model = view_model_for item
4:     %li
5:       - options = (template_format ? { :format => template_format } : {})
6:       = view_model.render_as template_name, options
7:     = separator unless item == collection.last

    config/initializers/./../../gem/rails2/../shared/lib/view_models/base.rb:72:in `raise_template_error_with'
    config/initializers/./../../gem/rails2/../shared/lib/view_models/base.rb:94:in `template_path'
    config/initializers/./../../gem/rails2/../shared/lib/view_models/base.rb:96:in `template_path'
    config/initializers/./../../gem/rails2/lib/view_models/base.rb:37
    config/initializers/./../../gem/rails2/../shared/lib/view_models/path_store.rb:28:in `call'
    config/initializers/./../../gem/rails2/../shared/lib/view_models/path_store.rb:28:in `cached'
    config/initializers/./../../gem/rails2/lib/view_models/base.rb:36:in `render'
    config/initializers/./../../gem/rails2/../shared/lib/view_models/base.rb:208:in `render_internal'
    config/initializers/./../../gem/rails2/../shared/lib/view_models/base.rb:160:in `render_as'
    app/views/view_models/collection/_list.html.haml:6:in `_run_haml_app47views47view_models47collection47_list46html46haml_locals_collection_list_object_separator_template_name'
    app/views/view_models/collection/_list.html.haml:2:in `each'
    app/views/view_models/collection/_list.html.haml:2:in `_run_haml_app47views47view_models47collection47_list46html46haml_locals_collection_list_object_separator_template_name'
    haml (3.0.13) rails/./lib/haml/helpers/action_view_mods.rb:11:in `render'
    haml (3.0.13) lib/haml/helpers.rb:90:in `non_haml'
    haml (3.0.13) rails/./lib/haml/helpers/action_view_mods.rb:11:in `render'
    config/initializers/./../../gem/rails2/lib/helpers/collection.rb:21:in `render_partial'
    config/initializers/./../../gem/rails2/lib/helpers/collection.rb:21:in `instance_eval'
    config/initializers/./../../gem/rails2/lib/helpers/collection.rb:21:in `render_partial'
    config/initializers/./../../gem/rails2/../shared/lib/helpers/collection.rb:47:in `list'
    app/views/examples/index.haml:2:in `_run_haml_app47views47examples47index46haml'
    haml (3.0.13) rails/./lib/haml/helpers/action_view_mods.rb:13:in `render'
    haml (3.0.13) rails/./lib/sass/plugin/rack.rb:41:in `call'
    /usr/local/lib/ruby/1.8/webrick/httpserver.rb:104:in `service'
    /usr/local/lib/ruby/1.8/webrick/httpserver.rb:65:in `run'
    /usr/local/lib/ruby/1.8/webrick/server.rb:173:in `start_thread'
    /usr/local/lib/ruby/1.8/webrick/server.rb:162:in `start'
    /usr/local/lib/ruby/1.8/webrick/server.rb:162:in `start_thread'
    /usr/local/lib/ruby/1.8/webrick/server.rb:95:in `start'
    /usr/local/lib/ruby/1.8/webrick/server.rb:92:in `each'
    /usr/local/lib/ruby/1.8/webrick/server.rb:92:in `start'
    /usr/local/lib/ruby/1.8/webrick/server.rb:23:in `start'
    /usr/local/lib/ruby/1.8/webrick/server.rb:82:in `start'

Rendered rescues/_trace (266.1ms)
Rendered rescues/_request_and_response (0.6ms)
Rendering rescues/layout (internal_server_error)


Processing ExamplesController#index (for 127.0.0.1 at 2010-07-18 13:09:09) [GET]
Rendering examples/index

ActionView::TemplateError (No template '_list_item' with format html found.) on line #6 of app/views/view_models/collection/_list.html.haml:
3:     - view_model = view_model_for item
4:     %li
5:       - options = (template_format ? { :format => template_format } : {})
6:       = view_model.render_as template_name, options
7:     = separator unless item == collection.last

    config/initializers/./../../gem/rails2/../shared/lib/view_models/base.rb:72:in `raise_template_error_with'
    config/initializers/./../../gem/rails2/../shared/lib/view_models/base.rb:94:in `template_path'
    config/initializers/./../../gem/rails2/../shared/lib/view_models/base.rb:96:in `template_path'
    config/initializers/./../../gem/rails2/lib/view_models/base.rb:37
    config/initializers/./../../gem/rails2/../shared/lib/view_models/path_store.rb:28:in `call'
    config/initializers/./../../gem/rails2/../shared/lib/view_models/path_store.rb:28:in `cached'
    config/initializers/./../../gem/rails2/lib/view_models/base.rb:36:in `render'
    config/initializers/./../../gem/rails2/../shared/lib/view_models/base.rb:208:in `render_internal'
    config/initializers/./../../gem/rails2/../shared/lib/view_models/base.rb:160:in `render_as'
    app/views/view_models/collection/_list.html.haml:6:in `_run_haml_app47views47view_models47collection47_list46html46haml_locals_collection_list_object_separator_template_name'
    app/views/view_models/collection/_list.html.haml:2:in `each'
    app/views/view_models/collection/_list.html.haml:2:in `_run_haml_app47views47view_models47collection47_list46html46haml_locals_collection_list_object_separator_template_name'
    haml (3.0.13) rails/./lib/haml/helpers/action_view_mods.rb:11:in `render'
    haml (3.0.13) lib/haml/helpers.rb:90:in `non_haml'
    haml (3.0.13) rails/./lib/haml/helpers/action_view_mods.rb:11:in `render'
    config/initializers/./../../gem/rails2/lib/helpers/collection.rb:21:in `render_partial'
    config/initializers/./../../gem/rails2/lib/helpers/collection.rb:21:in `instance_eval'
    config/initializers/./../../gem/rails2/lib/helpers/collection.rb:21:in `render_partial'
    config/initializers/./../../gem/rails2/../shared/lib/helpers/collection.rb:47:in `list'
    app/views/examples/index.haml:2:in `_run_haml_app47views47examples47index46haml'
    haml (3.0.13) rails/./lib/haml/helpers/action_view_mods.rb:13:in `render'
    haml (3.0.13) rails/./lib/sass/plugin/rack.rb:41:in `call'
    /usr/local/lib/ruby/1.8/webrick/httpserver.rb:104:in `service'
    /usr/local/lib/ruby/1.8/webrick/httpserver.rb:65:in `run'
    /usr/local/lib/ruby/1.8/webrick/server.rb:173:in `start_thread'
    /usr/local/lib/ruby/1.8/webrick/server.rb:162:in `start'
    /usr/local/lib/ruby/1.8/webrick/server.rb:162:in `start_thread'
    /usr/local/lib/ruby/1.8/webrick/server.rb:95:in `start'
    /usr/local/lib/ruby/1.8/webrick/server.rb:92:in `each'
    /usr/local/lib/ruby/1.8/webrick/server.rb:92:in `start'
    /usr/local/lib/ruby/1.8/webrick/server.rb:23:in `start'
    /usr/local/lib/ruby/1.8/webrick/server.rb:82:in `start'

Rendered rescues/_trace (134.0ms)
Rendered rescues/_request_and_response (0.6ms)
Rendering rescues/layout (internal_server_error)


Processing ExamplesController#index (for 127.0.0.1 at 2010-07-18 13:09:45) [GET]
Rendering examples/index

ActionView::TemplateError (No template '_list_item' with format html found.) on line #6 of app/views/view_models/collection/_list.html.haml:
3:     - view_model = view_model_for item
4:     %li
5:       - options = (template_format ? { :format => template_format } : {})
6:       = view_model.render_as template_name, options
7:     = separator unless item == collection.last

    config/initializers/./../../gem/rails2/../shared/lib/view_models/base.rb:72:in `raise_template_error_with'
    config/initializers/./../../gem/rails2/../shared/lib/view_models/base.rb:94:in `template_path'
    config/initializers/./../../gem/rails2/../shared/lib/view_models/base.rb:96:in `template_path'
    config/initializers/./../../gem/rails2/lib/view_models/base.rb:37
    config/initializers/./../../gem/rails2/../shared/lib/view_models/path_store.rb:28:in `call'
    config/initializers/./../../gem/rails2/../shared/lib/view_models/path_store.rb:28:in `cached'
    config/initializers/./../../gem/rails2/lib/view_models/base.rb:36:in `render'
    config/initializers/./../../gem/rails2/../shared/lib/view_models/base.rb:208:in `render_internal'
    config/initializers/./../../gem/rails2/../shared/lib/view_models/base.rb:160:in `render_as'
    app/views/view_models/collection/_list.html.haml:6:in `_run_haml_app47views47view_models47collection47_list46html46haml_locals_collection_list_object_separator_template_name'
    app/views/view_models/collection/_list.html.haml:2:in `each'
    app/views/view_models/collection/_list.html.haml:2:in `_run_haml_app47views47view_models47collection47_list46html46haml_locals_collection_list_object_separator_template_name'
    haml (3.0.13) rails/./lib/haml/helpers/action_view_mods.rb:11:in `render'
    haml (3.0.13) lib/haml/helpers.rb:90:in `non_haml'
    haml (3.0.13) rails/./lib/haml/helpers/action_view_mods.rb:11:in `render'
    config/initializers/./../../gem/rails2/lib/helpers/collection.rb:21:in `render_partial'
    config/initializers/./../../gem/rails2/lib/helpers/collection.rb:21:in `instance_eval'
    config/initializers/./../../gem/rails2/lib/helpers/collection.rb:21:in `render_partial'
    config/initializers/./../../gem/rails2/../shared/lib/helpers/collection.rb:47:in `list'
    app/views/examples/index.haml:2:in `_run_haml_app47views47examples47index46haml'
    haml (3.0.13) rails/./lib/haml/helpers/action_view_mods.rb:13:in `render'
    haml (3.0.13) rails/./lib/sass/plugin/rack.rb:41:in `call'
    /usr/local/lib/ruby/1.8/webrick/httpserver.rb:104:in `service'
    /usr/local/lib/ruby/1.8/webrick/httpserver.rb:65:in `run'
    /usr/local/lib/ruby/1.8/webrick/server.rb:173:in `start_thread'
    /usr/local/lib/ruby/1.8/webrick/server.rb:162:in `start'
    /usr/local/lib/ruby/1.8/webrick/server.rb:162:in `start_thread'
    /usr/local/lib/ruby/1.8/webrick/server.rb:95:in `start'
    /usr/local/lib/ruby/1.8/webrick/server.rb:92:in `each'
    /usr/local/lib/ruby/1.8/webrick/server.rb:92:in `start'
    /usr/local/lib/ruby/1.8/webrick/server.rb:23:in `start'
    /usr/local/lib/ruby/1.8/webrick/server.rb:82:in `start'

Rendered rescues/_trace (135.5ms)
Rendered rescues/_request_and_response (0.6ms)
Rendering rescues/layout (internal_server_error)


Processing ExamplesController#index (for 127.0.0.1 at 2010-07-18 13:09:46) [GET]
Rendering examples/index

ActionView::TemplateError (No template '_list_item' with format html found.) on line #6 of app/views/view_models/collection/_list.html.haml:
3:     - view_model = view_model_for item
4:     %li
5:       - options = (template_format ? { :format => template_format } : {})
6:       = view_model.render_as template_name, options
7:     = separator unless item == collection.last

    config/initializers/./../../gem/rails2/../shared/lib/view_models/base.rb:72:in `raise_template_error_with'
    config/initializers/./../../gem/rails2/../shared/lib/view_models/base.rb:94:in `template_path'
    config/initializers/./../../gem/rails2/../shared/lib/view_models/base.rb:96:in `template_path'
    config/initializers/./../../gem/rails2/lib/view_models/base.rb:37
    config/initializers/./../../gem/rails2/../shared/lib/view_models/path_store.rb:28:in `call'
    config/initializers/./../../gem/rails2/../shared/lib/view_models/path_store.rb:28:in `cached'
    config/initializers/./../../gem/rails2/lib/view_models/base.rb:36:in `render'
    config/initializers/./../../gem/rails2/../shared/lib/view_models/base.rb:208:in `render_internal'
    config/initializers/./../../gem/rails2/../shared/lib/view_models/base.rb:160:in `render_as'
    app/views/view_models/collection/_list.html.haml:6:in `_run_haml_app47views47view_models47collection47_list46html46haml_locals_collection_list_object_separator_template_name'
    app/views/view_models/collection/_list.html.haml:2:in `each'
    app/views/view_models/collection/_list.html.haml:2:in `_run_haml_app47views47view_models47collection47_list46html46haml_locals_collection_list_object_separator_template_name'
    haml (3.0.13) rails/./lib/haml/helpers/action_view_mods.rb:11:in `render'
    haml (3.0.13) lib/haml/helpers.rb:90:in `non_haml'
    haml (3.0.13) rails/./lib/haml/helpers/action_view_mods.rb:11:in `render'
    config/initializers/./../../gem/rails2/lib/helpers/collection.rb:21:in `render_partial'
    config/initializers/./../../gem/rails2/lib/helpers/collection.rb:21:in `instance_eval'
    config/initializers/./../../gem/rails2/lib/helpers/collection.rb:21:in `render_partial'
    config/initializers/./../../gem/rails2/../shared/lib/helpers/collection.rb:47:in `list'
    app/views/examples/index.haml:2:in `_run_haml_app47views47examples47index46haml'
    haml (3.0.13) rails/./lib/haml/helpers/action_view_mods.rb:13:in `render'
    haml (3.0.13) rails/./lib/sass/plugin/rack.rb:41:in `call'
    /usr/local/lib/ruby/1.8/webrick/httpserver.rb:104:in `service'
    /usr/local/lib/ruby/1.8/webrick/httpserver.rb:65:in `run'
    /usr/local/lib/ruby/1.8/webrick/server.rb:173:in `start_thread'
    /usr/local/lib/ruby/1.8/webrick/server.rb:162:in `start'
    /usr/local/lib/ruby/1.8/webrick/server.rb:162:in `start_thread'
    /usr/local/lib/ruby/1.8/webrick/server.rb:95:in `start'
    /usr/local/lib/ruby/1.8/webrick/server.rb:92:in `each'
    /usr/local/lib/ruby/1.8/webrick/server.rb:92:in `start'
    /usr/local/lib/ruby/1.8/webrick/server.rb:23:in `start'
    /usr/local/lib/ruby/1.8/webrick/server.rb:82:in `start'

Rendered rescues/_trace (135.6ms)
Rendered rescues/_request_and_response (0.6ms)
Rendering rescues/layout (internal_server_error)


Processing ExamplesController#index (for 127.0.0.1 at 2010-07-18 13:10:13) [GET]
Rendering examples/index
Rendered view_models/collection/_list (13.5ms)
Completed in 36ms (View: 16, DB: 0) | 200 OK [http://localhost/examples]


Processing ExamplesController#index (for 127.0.0.1 at 2010-07-18 13:10:13) [GET]
Rendering examples/index
Rendered view_models/collection/_list (4.9ms)
Completed in 27ms (View: 7, DB: 0) | 200 OK [http://localhost/examples]


Processing ExamplesController#index (for 127.0.0.1 at 2010-07-18 13:10:18) [GET]
Rendering examples/index
Rendered view_models/collection/_list (101.7ms)
Completed in 131ms (View: 105, DB: 0) | 200 OK [http://localhost/examples]


Processing ExamplesController#index (for 127.0.0.1 at 2010-07-18 13:11:47) [GET]

SyntaxError (/Users/admin/temp/view_models/rails235/app/models/items.rb:7: syntax error, unexpected tCONSTANT, expecting ']'
      Book.new('Some other Title', 555),
          ^
/Users/admin/temp/view_models/rails235/app/models/items.rb:7: syntax error, unexpected ',', expecting kEND
/Users/admin/temp/view_models/rails235/app/models/items.rb:8: syntax error, unexpected ',', expecting kEND
/Users/admin/temp/view_models/rails235/app/models/items.rb:10: syntax error, unexpected ']', expecting kEND):
  app/controllers/examples_controller.rb:4:in `index'
  haml (3.0.13) rails/./lib/sass/plugin/rack.rb:41:in `call'
  /usr/local/lib/ruby/1.8/webrick/httpserver.rb:104:in `service'
  /usr/local/lib/ruby/1.8/webrick/httpserver.rb:65:in `run'
  /usr/local/lib/ruby/1.8/webrick/server.rb:173:in `start_thread'
  /usr/local/lib/ruby/1.8/webrick/server.rb:162:in `start'
  /usr/local/lib/ruby/1.8/webrick/server.rb:162:in `start_thread'
  /usr/local/lib/ruby/1.8/webrick/server.rb:95:in `start'
  /usr/local/lib/ruby/1.8/webrick/server.rb:92:in `each'
  /usr/local/lib/ruby/1.8/webrick/server.rb:92:in `start'
  /usr/local/lib/ruby/1.8/webrick/server.rb:23:in `start'
  /usr/local/lib/ruby/1.8/webrick/server.rb:82:in `start'

Rendered rescues/_trace (87.5ms)
Rendered rescues/_request_and_response (0.6ms)
Rendering rescues/layout (internal_server_error)


Processing ExamplesController#index (for 127.0.0.1 at 2010-07-18 13:11:53) [GET]
Rendering examples/index
Rendered view_models/collection/_list (24.6ms)
Completed in 71ms (View: 27, DB: 0) | 200 OK [http://localhost/examples]


Processing ExamplesController#index (for 127.0.0.1 at 2010-07-18 13:11:54) [GET]
Rendering examples/index
Rendered view_models/collection/_list (14.5ms)
Completed in 42ms (View: 17, DB: 0) | 200 OK [http://localhost/examples]


Processing ExamplesController#index (for 127.0.0.1 at 2010-07-18 13:12:24) [GET]
Rendering examples/index
Rendered view_models/collection/_list (18.5ms)
Completed in 54ms (View: 28, DB: 0) | 200 OK [http://localhost/examples]


Processing ExamplesController#index (for 127.0.0.1 at 2010-07-18 13:12:28) [GET]
Rendering examples/index
Rendered view_models/collection/_list (17.3ms)
Completed in 53ms (View: 27, DB: 0) | 200 OK [http://localhost/examples]


Processing ExamplesController#index (for 127.0.0.1 at 2010-07-18 13:14:42) [GET]
Rendering examples/index
Rendered view_models/collection/_list (11.6ms)
Completed in 53ms (View: 27, DB: 0) | 200 OK [http://localhost/examples]


Processing ExamplesController#index (for 127.0.0.1 at 2010-07-18 13:14:51) [GET]
Rendering examples/index
Rendered view_models/collection/_list (11.6ms)
Completed in 61ms (View: 34, DB: 0) | 200 OK [http://localhost/examples]


Processing ExamplesController#index (for 127.0.0.1 at 2010-07-18 13:14:56) [GET]
Rendering examples/index
Rendered view_models/collection/_list (11.8ms)
Completed in 53ms (View: 27, DB: 0) | 200 OK [http://localhost/examples]


Processing ExamplesController#index (for 127.0.0.1 at 2010-07-18 13:15:10) [GET]
Rendering examples/index
Rendered view_models/collection/_list (11.9ms)
Completed in 53ms (View: 27, DB: 0) | 200 OK [http://localhost/examples]


Processing ExamplesController#index (for 127.0.0.1 at 2010-07-18 13:15:29) [GET]
Rendering examples/index
Rendered view_models/collection/_list (11.8ms)
Completed in 53ms (View: 27, DB: 0) | 200 OK [http://localhost/examples]


Processing ExamplesController#index (for 127.0.0.1 at 2010-07-18 13:16:51) [GET]
Rendering examples/index

ActionView::TemplateError (undefined method `header' for #<ViewModels::Book:0x103435b58>) on line #5 of app/views/examples/index.haml:
2: 
3: %h2 model_reader
4: - view_model = view_model_for Book.new('This is my Name', 100)
5: = "The book's header: #{view_model.header}"
6: = "The book's description: #{view_model.description}"
7: 
8: %h2 render_as

    app/views/examples/index.haml:5:in `_run_haml_app47views47examples47index46haml'
    haml (3.0.13) rails/./lib/haml/helpers/action_view_mods.rb:13:in `render'
    haml (3.0.13) rails/./lib/sass/plugin/rack.rb:41:in `call'
    /usr/local/lib/ruby/1.8/webrick/httpserver.rb:104:in `service'
    /usr/local/lib/ruby/1.8/webrick/httpserver.rb:65:in `run'
    /usr/local/lib/ruby/1.8/webrick/server.rb:173:in `start_thread'
    /usr/local/lib/ruby/1.8/webrick/server.rb:162:in `start'
    /usr/local/lib/ruby/1.8/webrick/server.rb:162:in `start_thread'
    /usr/local/lib/ruby/1.8/webrick/server.rb:95:in `start'
    /usr/local/lib/ruby/1.8/webrick/server.rb:92:in `each'
    /usr/local/lib/ruby/1.8/webrick/server.rb:92:in `start'
    /usr/local/lib/ruby/1.8/webrick/server.rb:23:in `start'
    /usr/local/lib/ruby/1.8/webrick/server.rb:82:in `start'

Rendered rescues/_trace (90.5ms)
Rendered rescues/_request_and_response (0.6ms)
Rendering rescues/layout (internal_server_error)


Processing ExamplesController#index (for 127.0.0.1 at 2010-07-18 13:17:06) [GET]
Rendering examples/index

ActionView::TemplateError (undefined method `h' for #<ViewModels::Book:0x1034f8900>) on line #5 of app/views/examples/index.haml:
2: 
3: %h2 model_reader
4: - view_model = view_model_for Book.new('This is my Name', 100)
5: = "The book's header: #{view_model.header}"
6: = "The book's description: #{view_model.description}"
7: 
8: %h2 render_as

    (eval):1:in `name'
    app/view_models/item.rb:6:in `header'
    app/views/examples/index.haml:5:in `_run_haml_app47views47examples47index46haml'
    haml (3.0.13) rails/./lib/haml/helpers/action_view_mods.rb:13:in `render'
    haml (3.0.13) rails/./lib/sass/plugin/rack.rb:41:in `call'
    /usr/local/lib/ruby/1.8/webrick/httpserver.rb:104:in `service'
    /usr/local/lib/ruby/1.8/webrick/httpserver.rb:65:in `run'
    /usr/local/lib/ruby/1.8/webrick/server.rb:173:in `start_thread'
    /usr/local/lib/ruby/1.8/webrick/server.rb:162:in `start'
    /usr/local/lib/ruby/1.8/webrick/server.rb:162:in `start_thread'
    /usr/local/lib/ruby/1.8/webrick/server.rb:95:in `start'
    /usr/local/lib/ruby/1.8/webrick/server.rb:92:in `each'
    /usr/local/lib/ruby/1.8/webrick/server.rb:92:in `start'
    /usr/local/lib/ruby/1.8/webrick/server.rb:23:in `start'
    /usr/local/lib/ruby/1.8/webrick/server.rb:82:in `start'

Rendered rescues/_trace (192.1ms)
Rendered rescues/_request_and_response (0.6ms)
Rendering rescues/layout (internal_server_error)


Processing ExamplesController#index (for 127.0.0.1 at 2010-07-18 13:17:46) [GET]
Rendering examples/index

ActionView::TemplateError (undefined method `h' for #<ViewModels::Book:0x103723e78>) on line #5 of app/views/examples/index.haml:
2: 
3: %h2 model_reader
4: - view_model = view_model_for Book.new('This is my Name', 100)
5: = "The book's header: #{view_model.header}"
6: = "The book's description: #{view_model.description}"
7: 
8: %h2 render_as

    (eval):1:in `name'
    app/view_models/item.rb:6:in `header'
    app/views/examples/index.haml:5:in `_run_haml_app47views47examples47index46haml'
    haml (3.0.13) rails/./lib/haml/helpers/action_view_mods.rb:13:in `render'
    haml (3.0.13) rails/./lib/sass/plugin/rack.rb:41:in `call'
    /usr/local/lib/ruby/1.8/webrick/httpserver.rb:104:in `service'
    /usr/local/lib/ruby/1.8/webrick/httpserver.rb:65:in `run'
    /usr/local/lib/ruby/1.8/webrick/server.rb:173:in `start_thread'
    /usr/local/lib/ruby/1.8/webrick/server.rb:162:in `start'
    /usr/local/lib/ruby/1.8/webrick/server.rb:162:in `start_thread'
    /usr/local/lib/ruby/1.8/webrick/server.rb:95:in `start'
    /usr/local/lib/ruby/1.8/webrick/server.rb:92:in `each'
    /usr/local/lib/ruby/1.8/webrick/server.rb:92:in `start'
    /usr/local/lib/ruby/1.8/webrick/server.rb:23:in `start'
    /usr/local/lib/ruby/1.8/webrick/server.rb:82:in `start'

Rendered rescues/_trace (93.6ms)
Rendered rescues/_request_and_response (0.6ms)
Rendering rescues/layout (internal_server_error)


Processing ExamplesController#index (for 127.0.0.1 at 2010-07-18 13:18:28) [GET]
Rendering examples/index

ActionView::TemplateError (undefined method `h' for #<ViewModels::Book:0x1033b6498>) on line #5 of app/views/examples/index.haml:
2: 
3: %h2 model_reader
4: - view_model = view_model_for Book.new('This is my Name', 100)
5: = "The book's header: #{view_model.header}"
6: = "The book's description: #{view_model.description}"
7: 
8: %h2 render_as

    (eval):1:in `name'
    app/view_models/item.rb:6:in `header'
    app/views/examples/index.haml:5:in `_run_haml_app47views47examples47index46haml'
    haml (3.0.13) rails/./lib/haml/helpers/action_view_mods.rb:13:in `render'
    haml (3.0.13) rails/./lib/sass/plugin/rack.rb:41:in `call'
    /usr/local/lib/ruby/1.8/webrick/httpserver.rb:104:in `service'
    /usr/local/lib/ruby/1.8/webrick/httpserver.rb:65:in `run'
    /usr/local/lib/ruby/1.8/webrick/server.rb:173:in `start_thread'
    /usr/local/lib/ruby/1.8/webrick/server.rb:162:in `start'
    /usr/local/lib/ruby/1.8/webrick/server.rb:162:in `start_thread'
    /usr/local/lib/ruby/1.8/webrick/server.rb:95:in `start'
    /usr/local/lib/ruby/1.8/webrick/server.rb:92:in `each'
    /usr/local/lib/ruby/1.8/webrick/server.rb:92:in `start'
    /usr/local/lib/ruby/1.8/webrick/server.rb:23:in `start'
    /usr/local/lib/ruby/1.8/webrick/server.rb:82:in `start'

Rendered rescues/_trace (188.5ms)
Rendered rescues/_request_and_response (0.6ms)
Rendering rescues/layout (internal_server_error)


Processing ExamplesController#index (for 127.0.0.1 at 2010-07-18 13:18:32) [GET]
Rendering examples/index

ActionView::TemplateError (undefined method `h' for #<ViewModels::Book:0x103582fb0>) on line #5 of app/views/examples/index.haml:
2: 
3: %h2 model_reader
4: - view_model = view_model_for Book.new('This is my Name', 100)
5: = "The book's header: #{view_model.header}"
6: = "The book's description: #{view_model.description}"
7: 
8: %h2 render_as

    (eval):1:in `name'
    app/view_models/item.rb:6:in `header'
    app/views/examples/index.haml:5:in `_run_haml_app47views47examples47index46haml'
    haml (3.0.13) rails/./lib/haml/helpers/action_view_mods.rb:13:in `render'
    haml (3.0.13) rails/./lib/sass/plugin/rack.rb:41:in `call'
    /usr/local/lib/ruby/1.8/webrick/httpserver.rb:104:in `service'
    /usr/local/lib/ruby/1.8/webrick/httpserver.rb:65:in `run'
    /usr/local/lib/ruby/1.8/webrick/server.rb:173:in `start_thread'
    /usr/local/lib/ruby/1.8/webrick/server.rb:162:in `start'
    /usr/local/lib/ruby/1.8/webrick/server.rb:162:in `start_thread'
    /usr/local/lib/ruby/1.8/webrick/server.rb:95:in `start'
    /usr/local/lib/ruby/1.8/webrick/server.rb:92:in `each'
    /usr/local/lib/ruby/1.8/webrick/server.rb:92:in `start'
    /usr/local/lib/ruby/1.8/webrick/server.rb:23:in `start'
    /usr/local/lib/ruby/1.8/webrick/server.rb:82:in `start'

Rendered rescues/_trace (92.3ms)
Rendered rescues/_request_and_response (0.6ms)
Rendering rescues/layout (internal_server_error)


Processing ExamplesController#index (for 127.0.0.1 at 2010-07-18 13:18:59) [GET]
Rendering examples/index

ActionView::TemplateError (undefined method `h' for #<ViewModels::Book:0x103708858>) on line #5 of app/views/examples/index.haml:
2: 
3: %h2 model_reader
4: - view_model = view_model_for Book.new('This is my Name', 100)
5: = "The book's header: #{view_model.header}"
6: = "The book's description: #{view_model.description}"
7: 
8: %h2 render_as

    (eval):1:in `name'
    app/view_models/item.rb:6:in `header'
    app/views/examples/index.haml:5:in `_run_haml_app47views47examples47index46haml'
    haml (3.0.13) rails/./lib/haml/helpers/action_view_mods.rb:13:in `render'
    haml (3.0.13) rails/./lib/sass/plugin/rack.rb:41:in `call'
    /usr/local/lib/ruby/1.8/webrick/httpserver.rb:104:in `service'
    /usr/local/lib/ruby/1.8/webrick/httpserver.rb:65:in `run'
    /usr/local/lib/ruby/1.8/webrick/server.rb:173:in `start_thread'
    /usr/local/lib/ruby/1.8/webrick/server.rb:162:in `start'
    /usr/local/lib/ruby/1.8/webrick/server.rb:162:in `start_thread'
    /usr/local/lib/ruby/1.8/webrick/server.rb:95:in `start'
    /usr/local/lib/ruby/1.8/webrick/server.rb:92:in `each'
    /usr/local/lib/ruby/1.8/webrick/server.rb:92:in `start'
    /usr/local/lib/ruby/1.8/webrick/server.rb:23:in `start'
    /usr/local/lib/ruby/1.8/webrick/server.rb:82:in `start'

Rendered rescues/_trace (95.5ms)
Rendered rescues/_request_and_response (3.1ms)
Rendering rescues/layout (internal_server_error)


Processing ExamplesController#index (for 127.0.0.1 at 2010-07-18 13:19:12) [GET]
Rendering examples/index

ActionView::TemplateError (undefined method `html_escape' for #<ViewModels::Book:0x10336b100>) on line #5 of app/views/examples/index.haml:
2: 
3: %h2 model_reader
4: - view_model = view_model_for Book.new('This is my Name', 100)
5: = "The book's header: #{view_model.header}"
6: = "The book's description: #{view_model.description}"
7: 
8: %h2 render_as

    (eval):1:in `name'
    app/view_models/item.rb:6:in `header'
    app/views/examples/index.haml:5:in `_run_haml_app47views47examples47index46haml'
    haml (3.0.13) rails/./lib/haml/helpers/action_view_mods.rb:13:in `render'
    haml (3.0.13) rails/./lib/sass/plugin/rack.rb:41:in `call'
    /usr/local/lib/ruby/1.8/webrick/httpserver.rb:104:in `service'
    /usr/local/lib/ruby/1.8/webrick/httpserver.rb:65:in `run'
    /usr/local/lib/ruby/1.8/webrick/server.rb:173:in `start_thread'
    /usr/local/lib/ruby/1.8/webrick/server.rb:162:in `start'
    /usr/local/lib/ruby/1.8/webrick/server.rb:162:in `start_thread'
    /usr/local/lib/ruby/1.8/webrick/server.rb:95:in `start'
    /usr/local/lib/ruby/1.8/webrick/server.rb:92:in `each'
    /usr/local/lib/ruby/1.8/webrick/server.rb:92:in `start'
    /usr/local/lib/ruby/1.8/webrick/server.rb:23:in `start'
    /usr/local/lib/ruby/1.8/webrick/server.rb:82:in `start'

Rendered rescues/_trace (92.5ms)
Rendered rescues/_request_and_response (0.6ms)
Rendering rescues/layout (internal_server_error)


Processing ExamplesController#index (for 127.0.0.1 at 2010-07-18 13:19:31) [GET]
Rendering examples/index

ActionView::TemplateError (undefined method `html_escape' for #<ViewModels::Book:0x103552ba8>) on line #5 of app/views/examples/index.haml:
2: 
3: %h2 model_reader
4: - view_model = view_model_for Book.new('This is my Name', 100)
5: = "The book's header: #{view_model.header}"
6: = "The book's description: #{view_model.description}"
7: 
8: %h2 render_as

    (eval):1:in `name'
    app/view_models/item.rb:8:in `header'
    app/views/examples/index.haml:5:in `_run_haml_app47views47examples47index46haml'
    haml (3.0.13) rails/./lib/haml/helpers/action_view_mods.rb:13:in `render'
    haml (3.0.13) rails/./lib/sass/plugin/rack.rb:41:in `call'
    /usr/local/lib/ruby/1.8/webrick/httpserver.rb:104:in `service'
    /usr/local/lib/ruby/1.8/webrick/httpserver.rb:65:in `run'
    /usr/local/lib/ruby/1.8/webrick/server.rb:173:in `start_thread'
    /usr/local/lib/ruby/1.8/webrick/server.rb:162:in `start'
    /usr/local/lib/ruby/1.8/webrick/server.rb:162:in `start_thread'
    /usr/local/lib/ruby/1.8/webrick/server.rb:95:in `start'
    /usr/local/lib/ruby/1.8/webrick/server.rb:92:in `each'
    /usr/local/lib/ruby/1.8/webrick/server.rb:92:in `start'
    /usr/local/lib/ruby/1.8/webrick/server.rb:23:in `start'
    /usr/local/lib/ruby/1.8/webrick/server.rb:82:in `start'

Rendered rescues/_trace (92.1ms)
Rendered rescues/_request_and_response (0.6ms)
Rendering rescues/layout (internal_server_error)


Processing ExamplesController#index (for 127.0.0.1 at 2010-07-18 13:20:22) [GET]
Rendering examples/index

ActionView::TemplateError (uninitialized constant ViewModels::Item::Erb) on line #4 of app/views/examples/index.haml:
1: %h1 Test Page
2: 
3: %h2 model_reader
4: - view_model = view_model_for Book.new('This is my Name', 100)
5: = "The book's header: #{view_model.header}"
6: = "The book's description: #{view_model.description}"
7: 

    app/view_models/item.rb:3
    app/view_models/book.rb:1
    config/initializers/./../../gem/rails2/../shared/lib/helpers/mapping.rb:46:in `default_view_model_class_for'
    config/initializers/./../../gem/rails2/../shared/lib/helpers/mapping.rb:30:in `view_model_class_for'
    config/initializers/./../../gem/rails2/../shared/lib/helpers/mapping.rb:17:in `view_model_for'
    app/views/examples/index.haml:4:in `_run_haml_app47views47examples47index46haml'
    haml (3.0.13) rails/./lib/haml/helpers/action_view_mods.rb:13:in `render'
    haml (3.0.13) rails/./lib/sass/plugin/rack.rb:41:in `call'
    /usr/local/lib/ruby/1.8/webrick/httpserver.rb:104:in `service'
    /usr/local/lib/ruby/1.8/webrick/httpserver.rb:65:in `run'
    /usr/local/lib/ruby/1.8/webrick/server.rb:173:in `start_thread'
    /usr/local/lib/ruby/1.8/webrick/server.rb:162:in `start'
    /usr/local/lib/ruby/1.8/webrick/server.rb:162:in `start_thread'
    /usr/local/lib/ruby/1.8/webrick/server.rb:95:in `start'
    /usr/local/lib/ruby/1.8/webrick/server.rb:92:in `each'
    /usr/local/lib/ruby/1.8/webrick/server.rb:92:in `start'
    /usr/local/lib/ruby/1.8/webrick/server.rb:23:in `start'
    /usr/local/lib/ruby/1.8/webrick/server.rb:82:in `start'

Rendered rescues/_trace (122.7ms)
Rendered rescues/_request_and_response (0.6ms)
Rendering rescues/layout (internal_server_error)


Processing ExamplesController#index (for 127.0.0.1 at 2010-07-18 13:20:29) [GET]
Rendering examples/index

ActionView::TemplateError (uninitialized constant Erb) on line #4 of app/views/examples/index.haml:
1: %h1 Test Page
2: 
3: %h2 model_reader
4: - view_model = view_model_for Book.new('This is my Name', 100)
5: = "The book's header: #{view_model.header}"
6: = "The book's description: #{view_model.description}"
7: 

    app/view_models/item.rb:3
    app/view_models/book.rb:1
    config/initializers/./../../gem/rails2/../shared/lib/helpers/mapping.rb:46:in `default_view_model_class_for'
    config/initializers/./../../gem/rails2/../shared/lib/helpers/mapping.rb:30:in `view_model_class_for'
    config/initializers/./../../gem/rails2/../shared/lib/helpers/mapping.rb:17:in `view_model_for'
    app/views/examples/index.haml:4:in `_run_haml_app47views47examples47index46haml'
    haml (3.0.13) rails/./lib/haml/helpers/action_view_mods.rb:13:in `render'
    haml (3.0.13) rails/./lib/sass/plugin/rack.rb:41:in `call'
    /usr/local/lib/ruby/1.8/webrick/httpserver.rb:104:in `service'
    /usr/local/lib/ruby/1.8/webrick/httpserver.rb:65:in `run'
    /usr/local/lib/ruby/1.8/webrick/server.rb:173:in `start_thread'
    /usr/local/lib/ruby/1.8/webrick/server.rb:162:in `start'
    /usr/local/lib/ruby/1.8/webrick/server.rb:162:in `start_thread'
    /usr/local/lib/ruby/1.8/webrick/server.rb:95:in `start'
    /usr/local/lib/ruby/1.8/webrick/server.rb:92:in `each'
    /usr/local/lib/ruby/1.8/webrick/server.rb:92:in `start'
    /usr/local/lib/ruby/1.8/webrick/server.rb:23:in `start'
    /usr/local/lib/ruby/1.8/webrick/server.rb:82:in `start'

Rendered rescues/_trace (123.9ms)
Rendered rescues/_request_and_response (0.6ms)
Rendering rescues/layout (internal_server_error)


Processing ExamplesController#index (for 127.0.0.1 at 2010-07-18 13:20:54) [GET]
Rendering examples/index
Rendered view_models/collection/_list (30.5ms)
Completed in 156ms (View: 128, DB: 0) | 200 OK [http://localhost/examples]


Processing ExamplesController#index (for 127.0.0.1 at 2010-07-18 13:21:09) [GET]
Rendering examples/index
Rendered view_models/collection/_list (9.3ms)
Completed in 150ms (View: 126, DB: 0) | 200 OK [http://localhost/examples]


Processing ExamplesController#index (for 127.0.0.1 at 2010-07-18 13:21:24) [GET]
Rendering examples/index
Rendered view_models/collection/_list (11.4ms)
Completed in 57ms (View: 32, DB: 0) | 200 OK [http://localhost/examples]


Processing ExamplesController#index (for 127.0.0.1 at 2010-07-18 13:24:24) [GET]
Rendering examples/index
Rendered view_models/collection/_list (9.0ms)
Completed in 63ms (View: 38, DB: 0) | 200 OK [http://localhost/examples]


Processing ExamplesController#index (for 127.0.0.1 at 2010-07-18 13:24:25) [GET]
Rendering examples/index
Rendered view_models/collection/_list (9.2ms)
Completed in 44ms (View: 19, DB: 0) | 200 OK [http://localhost/examples]


Processing ExamplesController#index (for 127.0.0.1 at 2010-07-18 13:24:33) [GET]
Rendering examples/index
Rendered view_models/collection/_list (9.6ms)
Completed in 143ms (View: 118, DB: 0) | 200 OK [http://localhost/examples]


Processing ExamplesController#index (for 127.0.0.1 at 2010-07-18 13:24:37) [GET]
Rendering examples/index
Rendered view_models/collection/_list (9.7ms)
Completed in 52ms (View: 27, DB: 0) | 200 OK [http://localhost/examples]


Processing ExamplesController#index (for 127.0.0.1 at 2010-07-18 13:24:48) [GET]
Rendering examples/index
Rendered view_models/collection/_list (12.1ms)
Completed in 57ms (View: 32, DB: 0) | 200 OK [http://localhost/examples]


Processing ExamplesController#index (for 127.0.0.1 at 2010-07-18 13:24:51) [GET]
Rendering examples/index
Rendered view_models/collection/_list (13.0ms)
Completed in 56ms (View: 31, DB: 0) | 200 OK [http://localhost/examples]


Processing ExamplesController#index (for 127.0.0.1 at 2010-07-18 13:26:53) [GET]
Rendering examples/index
Rendered view_models/collection/_list (8.8ms)
Completed in 147ms (View: 31, DB: 0) | 200 OK [http://localhost/examples]


Processing ExamplesController#index (for 127.0.0.1 at 2010-07-18 13:27:00) [GET]
Rendering examples/index
Rendered view_models/collection/_list (8.7ms)
Completed in 56ms (View: 31, DB: 0) | 200 OK [http://localhost/examples]


Processing ExamplesController#index (for 127.0.0.1 at 2010-07-18 13:27:04) [GET]
Rendering examples/index
Rendered view_models/collection/_list (9.1ms)
Completed in 57ms (View: 32, DB: 0) | 200 OK [http://localhost/examples]


Processing ExamplesController#index (for 127.0.0.1 at 2010-07-18 13:27:09) [GET]
Rendering examples/index
Rendered view_models/collection/_list (9.3ms)
Completed in 57ms (View: 31, DB: 0) | 200 OK [http://localhost/examples]


Processing ExamplesController#index (for 127.0.0.1 at 2010-07-18 13:27:16) [GET]
Rendering examples/index
Rendered view_models/collection/_list (9.1ms)
Completed in 57ms (View: 32, DB: 0) | 200 OK [http://localhost/examples]


Processing ExamplesController#index (for 127.0.0.1 at 2010-07-18 13:27:20) [GET]
Rendering examples/index
Rendered view_models/collection/_list (8.9ms)
Completed in 58ms (View: 32, DB: 0) | 200 OK [http://localhost/examples]


Processing ExamplesController#index (for 127.0.0.1 at 2010-07-18 13:27:28) [GET]
Rendering examples/index
Rendered view_models/collection/_list (8.8ms)
Completed in 57ms (View: 31, DB: 0) | 200 OK [http://localhost/examples]


Processing ExamplesController#index (for 127.0.0.1 at 2010-07-18 13:27:36) [GET]
Rendering examples/index
Rendered view_models/collection/_list (99.5ms)
Completed in 147ms (View: 122, DB: 0) | 200 OK [http://localhost/examples]


Processing ExamplesController#index (for 127.0.0.1 at 2010-07-18 13:27:42) [GET]
Rendering examples/index
Rendered view_models/collection/_list (9.1ms)
Completed in 57ms (View: 32, DB: 0) | 200 OK [http://localhost/examples]


Processing ExamplesController#index (for 127.0.0.1 at 2010-07-18 13:27:47) [GET]
Rendering examples/index
Rendered view_models/collection/_list (8.8ms)
Completed in 58ms (View: 32, DB: 0) | 200 OK [http://localhost/examples]


Processing ExamplesController#index (for 127.0.0.1 at 2010-07-18 13:27:53) [GET]
Rendering examples/index
Rendered view_models/collection/_list (9.5ms)
Completed in 58ms (View: 32, DB: 0) | 200 OK [http://localhost/examples]


Processing ExamplesController#index (for 127.0.0.1 at 2010-07-18 13:28:03) [GET]
Rendering examples/index
Rendered view_models/collection/_list (9.1ms)
Completed in 151ms (View: 126, DB: 0) | 200 OK [http://localhost/examples]


Processing ExamplesController#index (for 127.0.0.1 at 2010-07-18 13:28:09) [GET]
Rendering examples/index
Rendered view_models/collection/_list (9.8ms)
Completed in 58ms (View: 33, DB: 0) | 200 OK [http://localhost/examples]


Processing ExamplesController#index (for 127.0.0.1 at 2010-07-18 13:29:18) [GET]
Rendering examples/index
Rendered view_models/collection/_list (8.7ms)
Completed in 58ms (View: 33, DB: 0) | 200 OK [http://localhost/examples]


Processing ExamplesController#index (for 127.0.0.1 at 2010-07-18 13:29:34) [GET]
Rendering examples/index
Rendered view_models/collection/_list (8.6ms)
Completed in 58ms (View: 33, DB: 0) | 200 OK [http://localhost/examples]


Processing ExamplesController#index (for 127.0.0.1 at 2010-07-18 13:29:39) [GET]
Rendering examples/index
Rendered view_models/collection/_list (8.7ms)
Completed in 148ms (View: 33, DB: 0) | 200 OK [http://localhost/examples]


Processing ExamplesController#index (for 127.0.0.1 at 2010-07-18 13:30:03) [GET]
Rendering examples/index
Rendered view_models/collection/_list (9.0ms)
Completed in 59ms (View: 33, DB: 0) | 200 OK [http://localhost/examples]


Processing ExamplesController#index (for 127.0.0.1 at 2010-07-18 13:30:14) [GET]
Rendering examples/index
Rendered view_models/collection/_list (8.5ms)
Completed in 57ms (View: 32, DB: 0) | 200 OK [http://localhost/examples]


Processing ExamplesController#index (for 127.0.0.1 at 2010-07-18 13:31:23) [GET]
Rendering examples/index
Rendered view_models/collection/_list (8.8ms)
Completed in 60ms (View: 35, DB: 0) | 200 OK [http://localhost/examples]


Processing ExamplesController#index (for 127.0.0.1 at 2010-07-18 13:31:36) [GET]
Rendering examples/index
Rendered view_models/collection/_list (9.1ms)
Completed in 58ms (View: 33, DB: 0) | 200 OK [http://localhost/examples]


Processing ExamplesController#index (for 127.0.0.1 at 2010-07-18 13:31:38) [GET]
Rendering examples/index
Rendered view_models/collection/_list (9.0ms)
Completed in 45ms (View: 19, DB: 0) | 200 OK [http://localhost/examples]


Processing ExamplesController#index (for 127.0.0.1 at 2010-07-18 13:31:38) [GET]
Rendering examples/index
Rendered view_models/collection/_list (9.4ms)
Completed in 45ms (View: 20, DB: 0) | 200 OK [http://localhost/examples]


Processing ExamplesController#index (for 127.0.0.1 at 2010-07-18 13:31:48) [GET]
Rendering examples/index
Rendered view_models/collection/_list (9.2ms)
Completed in 58ms (View: 33, DB: 0) | 200 OK [http://localhost/examples]


Processing ExamplesController#index (for 127.0.0.1 at 2010-07-18 13:31:59) [GET]
Rendering examples/index
Rendered view_models/collection/_list (9.1ms)
Completed in 59ms (View: 34, DB: 0) | 200 OK [http://localhost/examples]


Processing ExamplesController#index (for 127.0.0.1 at 2010-07-18 13:33:40) [GET]
Rendering examples/index
Rendered view_models/collection/_list (9.6ms)
Completed in 60ms (View: 34, DB: 0) | 200 OK [http://localhost/examples]


Processing ExamplesController#index (for 127.0.0.1 at 2010-07-18 13:33:40) [GET]
Rendering examples/index
Rendered view_models/collection/_list (9.8ms)
Completed in 46ms (View: 20, DB: 0) | 200 OK [http://localhost/examples]


Processing ExamplesController#index (for 127.0.0.1 at 2010-07-18 17:00:26) [GET]
Rendering examples/index
Rendered view_models/book/_list_item (2.3ms)
Rendered view_models/item/_not_in_book (1.8ms)
Rendered view_models/book/_list_item (0.4ms)
Rendered view_models/item/_list_item (2.2ms)
Rendered view_models/book/_list_item (0.5ms)
Rendered view_models/item/_list_item (0.4ms)
Rendered view_models/item/_list_item (0.4ms)
Rendered view_models/collection/_list (27.2ms)
Completed in 146ms (View: 119, DB: 0) | 200 OK [http://localhost/examples]


Processing ExamplesController#index (for 127.0.0.1 at 2010-07-18 17:01:41) [GET]
Rendering examples/index
Rendered view_models/book/_list_item (0.5ms)
Rendered view_models/item/_not_in_book (0.4ms)
Rendered view_models/book/_list_item (0.4ms)
Rendered view_models/item/_list_item (0.4ms)
Rendered view_models/book/_list_item (0.4ms)
Rendered view_models/item/_list_item (0.4ms)
Rendered view_models/item/_list_item (0.5ms)
Rendered view_models/collection/_list (13.3ms)
Completed in 51ms (View: 26, DB: 0) | 200 OK [http://localhost/examples]


Processing ExamplesController#index (for 127.0.0.1 at 2010-07-18 17:09:32) [GET]
Rendering examples/index
Rendered view_models/book/_list_item (2.2ms)
Rendered view_models/item/_not_in_book (1.6ms)
Rendered view_models/book/_list_item (0.4ms)
Rendered view_models/item/_list_item (2.2ms)
Rendered view_models/book/_list_item (0.4ms)
Rendered view_models/item/_list_item (0.4ms)
Rendered view_models/item/_list_item (0.5ms)
Rendered view_models/collection/_list (26.5ms)
Rendered view_models/book/_list_item (0.5ms)
Rendered view_models/item/_list_item (0.4ms)
Rendered view_models/book/_list_item (0.5ms)
Rendered view_models/item/_list_item (0.4ms)
Rendered view_models/item/_list_item (0.5ms)
Rendered view_models/collection/_list (12.7ms)
Completed in 128ms (View: 103, DB: 0) | 200 OK [http://localhost/examples]


Processing ExamplesController#index (for 127.0.0.1 at 2010-07-18 17:11:30) [GET]
Rendering examples/index
Rendered view_models/book/_list_item (0.5ms)
Rendered view_models/item/_not_in_book (0.4ms)
Rendered view_models/item/_not_in_book (0.4ms)
Rendered view_models/book/_list_item (0.4ms)
Rendered view_models/item/_list_item (0.4ms)
Rendered view_models/book/_list_item (0.4ms)
Rendered view_models/item/_list_item (0.4ms)
Rendered view_models/item/_list_item (0.4ms)
Rendered view_models/collection/_list (13.0ms)
Completed in 70ms (View: 44, DB: 0) | 200 OK [http://localhost/examples]


Processing ExamplesController#index (for 127.0.0.1 at 2010-07-18 17:11:43) [GET]
Rendering examples/index
Rendered view_models/book/_list_item (0.6ms)
Rendered view_models/item/_not_in_book (0.4ms)
Rendered view_models/item/_hierarchical (1.3ms)
Rendered view_models/book/_list_item (0.4ms)
Rendered view_models/item/_list_item (0.5ms)
Rendered view_models/book/_list_item (0.4ms)
Rendered view_models/item/_list_item (0.4ms)
Rendered view_models/item/_list_item (0.4ms)
Rendered view_models/collection/_list (14.4ms)
Completed in 79ms (View: 54, DB: 0) | 200 OK [http://localhost/examples]


Processing ExamplesController#index (for 127.0.0.1 at 2010-07-18 17:11:48) [GET]
Rendering examples/index
Rendered view_models/book/_list_item (0.5ms)
Rendered view_models/item/_not_in_book (0.4ms)
Rendered view_models/item/_hierarchical (0.4ms)
Rendered view_models/book/_list_item (0.4ms)
Rendered view_models/item/_list_item (0.4ms)
Rendered view_models/book/_list_item (0.5ms)
Rendered view_models/item/_list_item (0.4ms)
Rendered view_models/item/_list_item (0.4ms)
Rendered view_models/collection/_list (13.3ms)
Completed in 53ms (View: 27, DB: 0) | 200 OK [http://localhost/examples]


Processing ExamplesController#index (for 127.0.0.1 at 2010-07-18 17:11:57) [GET]
Rendering examples/index
Rendered view_models/book/_list_item (0.5ms)
Rendered view_models/item/_not_in_book (0.4ms)
Rendered view_models/book/_list_item (0.4ms)
Rendered view_models/item/_list_item (0.4ms)
Rendered view_models/book/_list_item (0.4ms)
Rendered view_models/item/_list_item (0.4ms)
Rendered view_models/item/_list_item (0.4ms)
Rendered view_models/collection/_list (12.9ms)
Completed in 66ms (View: 40, DB: 0) | 200 OK [http://localhost/examples]


Processing ExamplesController#index (for 127.0.0.1 at 2010-07-18 17:12:37) [GET]
Rendering examples/index
Rendered view_models/book/_list_item (0.5ms)
Rendered view_models/item/_not_in_book (0.4ms)
Rendered view_models/item/_hierarchical (1.5ms)
Rendered view_models/book/_list_item (0.4ms)
Rendered view_models/item/_list_item (0.5ms)
Rendered view_models/book/_list_item (0.4ms)
Rendered view_models/item/_list_item (0.5ms)
Rendered view_models/item/_list_item (0.4ms)
Rendered view_models/collection/_list (14.2ms)
Completed in 168ms (View: 142, DB: 0) | 200 OK [http://localhost/examples]


Processing ExamplesController#index (for 127.0.0.1 at 2010-07-18 17:12:38) [GET]
Rendering examples/index
Rendered view_models/book/_list_item (0.5ms)
Rendered view_models/item/_not_in_book (0.4ms)
Rendered view_models/item/_hierarchical (0.4ms)
Rendered view_models/book/_list_item (0.4ms)
Rendered view_models/item/_list_item (0.4ms)
Rendered view_models/book/_list_item (0.5ms)
Rendered view_models/item/_list_item (0.4ms)
Rendered view_models/item/_list_item (0.4ms)
Rendered view_models/collection/_list (13.6ms)
Completed in 53ms (View: 28, DB: 0) | 200 OK [http://localhost/examples]


Processing ExamplesController#index (for 127.0.0.1 at 2010-07-18 17:12:58) [GET]
Rendering examples/index
Rendered view_models/book/_list_item (0.5ms)
Rendered view_models/item/_not_in_book (0.4ms)

ActionView::TemplateError (No template '_hierarchical' with format text found.) on line #28 of app/views/examples/index.haml:
25: 
26: %h2 render_as with hierarchical rendering and special format
27: = '> '
28: = view_model.render_as :hierarchical, :format => :text
29: 
30: %h2 collection_view_model_for
31: - collection = collection_view_model_for @items

    /usr/local/lib/ruby/gems/1.8/gems/view_models-2.0.0/lib/rails2/./shared/lib/view_models/base.rb:72:in `raise_template_error_with'
    /usr/local/lib/ruby/gems/1.8/gems/view_models-2.0.0/lib/rails2/./shared/lib/view_models/base.rb:94:in `template_path'
    /usr/local/lib/ruby/gems/1.8/gems/view_models-2.0.0/lib/rails2/./shared/lib/view_models/base.rb:96:in `template_path'
    /usr/local/lib/ruby/gems/1.8/gems/view_models-2.0.0/lib/rails2/lib/view_models/base.rb:37
    /usr/local/lib/ruby/gems/1.8/gems/view_models-2.0.0/lib/rails2/./shared/lib/view_models/path_store.rb:28:in `call'
    /usr/local/lib/ruby/gems/1.8/gems/view_models-2.0.0/lib/rails2/./shared/lib/view_models/path_store.rb:28:in `cached'
    /usr/local/lib/ruby/gems/1.8/gems/view_models-2.0.0/lib/rails2/lib/view_models/base.rb:36:in `render'
    /usr/local/lib/ruby/gems/1.8/gems/view_models-2.0.0/lib/rails2/./shared/lib/view_models/base.rb:208:in `render_internal'
    /usr/local/lib/ruby/gems/1.8/gems/view_models-2.0.0/lib/rails2/./shared/lib/view_models/base.rb:160:in `render_as'
    app/views/examples/index.haml:28:in `_run_haml_app47views47examples47index46haml'
    haml (3.0.13) rails/./lib/haml/helpers/action_view_mods.rb:13:in `render'
    haml (3.0.13) rails/./lib/sass/plugin/rack.rb:41:in `call'
    /usr/local/lib/ruby/1.8/webrick/httpserver.rb:104:in `service'
    /usr/local/lib/ruby/1.8/webrick/httpserver.rb:65:in `run'
    /usr/local/lib/ruby/1.8/webrick/server.rb:173:in `start_thread'
    /usr/local/lib/ruby/1.8/webrick/server.rb:162:in `start'
    /usr/local/lib/ruby/1.8/webrick/server.rb:162:in `start_thread'
    /usr/local/lib/ruby/1.8/webrick/server.rb:95:in `start'
    /usr/local/lib/ruby/1.8/webrick/server.rb:92:in `each'
    /usr/local/lib/ruby/1.8/webrick/server.rb:92:in `start'
    /usr/local/lib/ruby/1.8/webrick/server.rb:23:in `start'
    /usr/local/lib/ruby/1.8/webrick/server.rb:82:in `start'

Rendered rescues/_trace (201.7ms)
Rendered rescues/_request_and_response (3.7ms)
Rendering rescues/layout (internal_server_error)


Processing ExamplesController#index (for 127.0.0.1 at 2010-07-18 17:13:05) [GET]
Rendering examples/index
Rendered view_models/book/_list_item (0.5ms)
Rendered view_models/item/_not_in_book (0.4ms)
Rendered view_models/item/_hierarchical (1.5ms)
Rendered view_models/book/_list_item (0.4ms)
Rendered view_models/item/_list_item (0.5ms)
Rendered view_models/book/_list_item (0.4ms)
Rendered view_models/item/_list_item (0.4ms)
Rendered view_models/item/_list_item (0.4ms)
Rendered view_models/collection/_list (13.0ms)
Completed in 76ms (View: 50, DB: 0) | 200 OK [http://localhost/examples]


Processing ExamplesController#index (for 127.0.0.1 at 2010-07-18 17:13:06) [GET]
Rendering examples/index
Rendered view_models/book/_list_item (0.5ms)
Rendered view_models/item/_not_in_book (0.4ms)
Rendered view_models/item/_hierarchical (0.4ms)
Rendered view_models/book/_list_item (0.4ms)
Rendered view_models/item/_list_item (0.4ms)
Rendered view_models/book/_list_item (0.5ms)
Rendered view_models/item/_list_item (0.4ms)
Rendered view_models/item/_list_item (0.4ms)
Rendered view_models/collection/_list (12.5ms)
Completed in 51ms (View: 26, DB: 0) | 200 OK [http://localhost/examples]


Processing ExamplesController#index (for 127.0.0.1 at 2010-07-18 17:13:43) [GET]
Rendering examples/index
Rendered view_models/book/_list_item (0.6ms)
Rendered view_models/item/_not_in_book (0.4ms)
Rendered view_models/item/_not_in_book (0.4ms)
Rendered view_models/book/_list_item (0.4ms)
Rendered view_models/item/_list_item (0.4ms)
Rendered view_models/book/_list_item (0.4ms)
Rendered view_models/item/_list_item (0.4ms)
Rendered view_models/item/_list_item (0.4ms)
Rendered view_models/collection/_list (13.2ms)
Completed in 159ms (View: 134, DB: 0) | 200 OK [http://localhost/examples]


Processing ExamplesController#index (for 127.0.0.1 at 2010-07-18 17:13:50) [GET]
Rendering examples/index
Rendered view_models/book/_list_item (0.5ms)
Rendered view_models/item/_not_in_book (0.4ms)
Rendered view_models/item/_not_in_book (1.5ms)
Rendered view_models/book/_list_item (0.4ms)
Rendered view_models/item/_list_item (0.5ms)
Rendered view_models/book/_list_item (0.4ms)
Rendered view_models/item/_list_item (0.4ms)
Rendered view_models/item/_list_item (0.4ms)
Rendered view_models/collection/_list (13.5ms)
Completed in 77ms (View: 51, DB: 0) | 200 OK [http://localhost/examples]


Processing ExamplesController#index (for 127.0.0.1 at 2010-07-18 17:14:16) [GET]
Rendering examples/index
Rendered view_models/book/_list_item (2.8ms)
Rendered view_models/item/_not_in_book (1.6ms)
Rendered view_models/item/_not_in_book (1.5ms)
Rendered view_models/book/_list_item (0.4ms)
Rendered view_models/item/_list_item (2.2ms)
Rendered view_models/book/_list_item (0.4ms)
Rendered view_models/item/_list_item (0.4ms)
Rendered view_models/item/_list_item (0.5ms)
Rendered view_models/collection/_list (26.2ms)
Completed in 128ms (View: 101, DB: 0) | 200 OK [http://localhost/examples]


Processing ExamplesController#index (for 127.0.0.1 at 2010-07-18 17:16:56) [GET]
Rendering examples/index
Rendered view_models/book/_list_item (2.8ms)
Rendered view_models/book/_specific (2.1ms)
Rendered view_models/item/_not_in_book (1.4ms)
Rendered view_models/item/_not_in_book (0.3ms)
Rendered view_models/book/_list_item (0.4ms)
Rendered view_models/item/_list_item (2.2ms)
Rendered view_models/book/_list_item (0.4ms)
Rendered view_models/item/_list_item (0.4ms)
Rendered view_models/item/_list_item (0.4ms)
Rendered view_models/collection/_list (27.1ms)
Completed in 129ms (View: 104, DB: 0) | 200 OK [http://localhost/examples]


Processing ExamplesController#index (for 127.0.0.1 at 2010-07-18 17:18:06) [GET]
Rendering examples/index
Rendered view_models/book/_list_item (0.5ms)
Rendered view_models/book/_specific (0.4ms)
Rendered view_models/item/_not_in_book (0.3ms)
Rendered view_models/item/_not_in_book (0.3ms)
Rendered view_models/book/_list_item (0.4ms)
Rendered view_models/item/_list_item (0.5ms)
Rendered view_models/book/_list_item (0.5ms)
Rendered view_models/item/_list_item (0.4ms)
Rendered view_models/item/_list_item (0.4ms)
Rendered view_models/collection/_list (13.6ms)
Completed in 54ms (View: 29, DB: 0) | 200 OK [http://localhost/examples]


Processing ExamplesController#index (for 127.0.0.1 at 2010-07-18 17:20:25) [GET]
Rendering examples/index
Rendered view_models/book/_list_item (0.6ms)
Rendered view_models/book/_specific (0.5ms)
Rendered view_models/item/_not_in_book (0.4ms)
Rendered view_models/item/_not_in_book (0.4ms)
Rendered view_models/book/_list_item (0.6ms)
Rendered view_models/item/_list_item (1.6ms)
Rendered view_models/book/_list_item (0.5ms)
Rendered view_models/item/_list_item (0.6ms)
Rendered view_models/item/_list_item (0.5ms)
Rendered view_models/collection/_list (226.9ms)
Completed in 511ms (View: 393, DB: 0) | 200 OK [http://localhost/examples]


Processing ExamplesController#index (for 127.0.0.1 at 2010-07-18 17:21:03) [GET]
Rendering examples/index
Rendered view_models/book/_list_item (1.7ms)
Rendered view_models/book/_specific (0.4ms)
Rendered view_models/item/_not_in_book (0.3ms)
Rendered view_models/item/_not_in_book (0.3ms)
Rendered view_models/book/_list_item (0.4ms)
Rendered view_models/item/_list_item (0.4ms)
Rendered view_models/book/_list_item (0.4ms)
Rendered view_models/item/_list_item (0.4ms)
Rendered view_models/item/_list_item (0.3ms)
Rendered view_models/collection/_list (12.9ms)
Completed in 64ms (View: 37, DB: 0) | 200 OK [http://localhost/examples]


Processing ExamplesController#index (for 127.0.0.1 at 2010-07-18 17:21:30) [GET]
Rendering examples/index
Rendered view_models/book/_list_item (0.6ms)
Rendered view_models/book/_specific (0.5ms)
Rendered view_models/item/_not_in_book (0.3ms)
Rendered view_models/item/_not_in_book (0.3ms)
Rendered view_models/book/_list_item (0.4ms)
Rendered view_models/item/_list_item (0.4ms)
Rendered view_models/book/_list_item (0.4ms)
Rendered view_models/item/_list_item (0.4ms)
Rendered view_models/item/_list_item (0.4ms)
Rendered view_models/collection/_list (12.3ms)
Completed in 53ms (View: 27, DB: 0) | 200 OK [http://localhost/examples]


Processing ExamplesController#index (for 127.0.0.1 at 2010-07-18 17:51:10) [GET]
Rendering examples/index
Rendered view_models/book/_list_item (2.3ms)
Rendered view_models/book/_specific (1.5ms)
Rendered view_models/item/_not_in_book (1.4ms)
Rendered view_models/item/_not_in_book (0.3ms)
Rendered view_models/book/_list_item (0.4ms)
Rendered view_models/item/_list_item (1.6ms)
Rendered view_models/book/_list_item (0.8ms)
Rendered view_models/item/_list_item (0.4ms)
Rendered view_models/item/_list_item (0.3ms)
Rendered view_models/collection/_list (25.7ms)
Completed in 127ms (View: 101, DB: 0) | 200 OK [http://localhost/examples]


Processing ExamplesController#index (for 127.0.0.1 at 2010-07-18 17:52:09) [GET]
Rendering examples/index
Rendered view_models/book/_list_item (0.4ms)
Rendered view_models/book/_specific (0.4ms)
Rendered view_models/item/_not_in_book (0.4ms)
Rendered view_models/item/_not_in_book (0.4ms)
Rendered view_models/book/_list_item (0.4ms)
Rendered view_models/item/_list_item (0.4ms)
Rendered view_models/book/_list_item (0.4ms)
Rendered view_models/item/_list_item (0.3ms)
Rendered view_models/item/_list_item (0.3ms)
Rendered view_models/collection/_list (12.7ms)
Completed in 54ms (View: 28, DB: 0) | 200 OK [http://localhost/examples]


Processing ExamplesController#index (for 127.0.0.1 at 2010-07-18 17:52:28) [GET]
Rendering examples/index
Rendered view_models/book/_list_item (2.4ms)
Rendered view_models/book/_specific (0.4ms)
Rendered view_models/item/_not_in_book (0.3ms)
Rendered view_models/item/_not_in_book (0.3ms)
Rendered view_models/book/_list_item (0.4ms)
Rendered view_models/item/_list_item (0.4ms)
Rendered view_models/book/_list_item (0.4ms)
Rendered view_models/item/_list_item (0.4ms)
Rendered view_models/item/_list_item (0.4ms)
Rendered view_models/collection/_list (14.0ms)
Completed in 154ms (View: 38, DB: 0) | 200 OK [http://localhost/examples]


Processing ExamplesController#index (for 127.0.0.1 at 2010-07-18 17:52:33) [GET]
Rendering examples/index
Rendered view_models/book/_list_item (1.6ms)
Rendered view_models/book/_specific (0.4ms)
Rendered view_models/item/_not_in_book (0.3ms)
Rendered view_models/item/_not_in_book (0.4ms)
Rendered view_models/book/_list_item (0.4ms)
Rendered view_models/item/_list_item (0.4ms)
Rendered view_models/book/_list_item (0.3ms)
Rendered view_models/item/_list_item (0.4ms)
Rendered view_models/item/_list_item (0.4ms)
Rendered view_models/collection/_list (13.0ms)
Completed in 63ms (View: 37, DB: 0) | 200 OK [http://localhost/examples]


Processing ExamplesController#index (for 127.0.0.1 at 2010-07-18 18:14:26) [GET]
Rendering examples/index
Rendered view_models/book/_list_item (1.6ms)
Rendered view_models/book/_specific (1.5ms)
Rendered view_models/item/_not_in_book (1.5ms)
Rendered view_models/item/_not_in_book (0.4ms)
Rendered view_models/book/_list_item (0.4ms)
Rendered view_models/item/_list_item (1.6ms)
Rendered view_models/book/_list_item (0.4ms)
Rendered view_models/item/_list_item (0.4ms)
Rendered view_models/item/_list_item (0.3ms)
Rendered view_models/collection/_list (26.0ms)
Completed in 127ms (View: 101, DB: 0) | 200 OK [http://localhost/examples]


Processing ExamplesController#index (for 127.0.0.1 at 2010-07-21 10:45:05) [GET]
Rendering examples/index
Rendered view_models/book/_list_item (1.2ms)
Rendered view_models/book/_specific (0.9ms)
Rendered view_models/item/_not_in_book (0.7ms)
Rendered view_models/item/_not_in_book (0.1ms)
Rendered view_models/book/_list_item (0.7ms)
Rendered view_models/item/_list_item (0.8ms)
Rendered view_models/book/_list_item (0.6ms)
Rendered view_models/item/_list_item (0.1ms)
Rendered view_models/item/_list_item (0.1ms)
Rendered view_models/collection/_list (12.7ms)
Completed in 68ms (View: 56 | 200 OK [http://localhost/examples]


Processing ExamplesController#index (for 127.0.0.1 at 2010-07-21 10:45:06) [GET]
Rendering examples/index
Rendered view_models/book/_list_item (0.6ms)
Rendered view_models/book/_specific (0.2ms)
Rendered view_models/item/_not_in_book (0.2ms)
Rendered view_models/item/_not_in_book (0.1ms)
Rendered view_models/book/_list_item (0.7ms)
Rendered view_models/item/_list_item (0.2ms)
Rendered view_models/book/_list_item (0.7ms)
Rendered view_models/item/_list_item (0.2ms)
Rendered view_models/item/_list_item (0.1ms)
Rendered view_models/collection/_list (8.3ms)
Completed in 24ms (View: 17 | 200 OK [http://localhost/examples]


Processing ExamplesController#index (for 127.0.0.1 at 2010-07-21 10:45:46) [GET]
Rendering examples/index
Rendered view_models/book/_list_item (1.2ms)
Rendered view_models/book/_specific (0.7ms)
Rendered view_models/item/_not_in_book (0.7ms)
Rendered view_models/item/_not_in_book (0.1ms)
Rendered view_models/book/_list_item (0.7ms)
Rendered view_models/item/_list_item (0.8ms)
Rendered view_models/book/_list_item (0.6ms)
Rendered view_models/item/_list_item (0.2ms)
Rendered view_models/item/_list_item (0.6ms)
Rendered view_models/collection/_list (13.6ms)
Completed in 66ms (View: 58 | 200 OK [http://localhost/examples]
